> Task :core:data:preBuild UP-TO-DATE
> Task :core:data:preDebugBuild UP-TO-DATE
> Task :core:data:generateDebugResValues UP-TO-DATE
> Task :core:data:generateDebugResources UP-TO-DATE
> Task :core:data:packageDebugResources UP-TO-DATE
> Task :core:data:processDebugNavigationResources UP-TO-DATE
> Task :core:data:parseDebugLocalResources UP-TO-DATE
> Task :core:data:generateDebugRFile UP-TO-DATE
> Task :core:data:checkKotlinGradlePluginConfigurationErrors SKIPPED
> Task :core:domain:preBuild UP-TO-DATE
> Task :core:domain:preDebugBuild UP-TO-DATE
> Task :core:domain:generateDebugResValues UP-TO-DATE
> Task :core:domain:generateDebugResources UP-TO-DATE
> Task :core:domain:packageDebugResources UP-TO-DATE
> Task :core:domain:processDebugNavigationResources UP-TO-DATE
> Task :core:domain:parseDebugLocalResources UP-TO-DATE
> Task :core:domain:generateDebugRFile UP-TO-DATE
> Task :core:domain:checkKotlinGradlePluginConfigurationErrors SKIPPED
> Task :core:domain:kspDebugKotlin UP-TO-DATE
> Task :core:domain:compileDebugKotlin UP-TO-DATE
> Task :core:domain:javaPreCompileDebug UP-TO-DATE
> Task :core:domain:compileDebugJavaWithJavac NO-SOURCE
> Task :core:domain:transformDebugClassesWithAsm UP-TO-DATE
> Task :core:domain:bundleLibCompileToJarDebug UP-TO-DATE
> Task :core:data:javaPreCompileDebug UP-TO-DATE
> Task :core:domain:bundleLibRuntimeToJarDebug UP-TO-DATE
> Task :core:network:preBuild UP-TO-DATE
> Task :core:network:preDebugBuild UP-TO-DATE
> Task :core:network:generateDebugResValues UP-TO-DATE
> Task :core:network:generateDebugResources UP-TO-DATE
> Task :core:network:packageDebugResources UP-TO-DATE
> Task :core:network:processDebugNavigationResources UP-TO-DATE
> Task :core:network:parseDebugLocalResources UP-TO-DATE
> Task :core:network:generateDebugRFile UP-TO-DATE
> Task :core:network:checkKotlinGradlePluginConfigurationErrors SKIPPED
> Task :core:network:kspDebugKotlin UP-TO-DATE
> Task :core:network:compileDebugKotlin UP-TO-DATE
> Task :core:network:javaPreCompileDebug UP-TO-DATE
> Task :core:network:compileDebugJavaWithJavac UP-TO-DATE
> Task :core:network:transformDebugClassesWithAsm UP-TO-DATE
> Task :core:network:bundleLibCompileToJarDebug UP-TO-DATE
> Task :core:ui:preBuild UP-TO-DATE
> Task :core:ui:preDebugBuild UP-TO-DATE
> Task :core:ui:generateDebugResValues UP-TO-DATE
> Task :core:ui:generateDebugResources UP-TO-DATE
> Task :core:ui:packageDebugResources UP-TO-DATE
> Task :core:ui:processDebugNavigationResources UP-TO-DATE
> Task :core:ui:parseDebugLocalResources UP-TO-DATE
> Task :core:ui:generateDebugRFile UP-TO-DATE
> Task :core:ui:checkKotlinGradlePluginConfigurationErrors SKIPPED
> Task :core:ui:kspDebugKotlin UP-TO-DATE
> Task :core:ui:compileDebugKotlin UP-TO-DATE
> Task :core:ui:javaPreCompileDebug UP-TO-DATE
> Task :core:ui:compileDebugJavaWithJavac NO-SOURCE
> Task :core:ui:transformDebugClassesWithAsm UP-TO-DATE
> Task :core:ui:bundleLibCompileToJarDebug UP-TO-DATE
> Task :engine:navigation:preBuild UP-TO-DATE
> Task :engine:navigation:preDebugBuild UP-TO-DATE
> Task :engine:navigation:generateDebugResValues UP-TO-DATE
> Task :engine:navigation:generateDebugResources UP-TO-DATE
> Task :engine:navigation:packageDebugResources UP-TO-DATE
> Task :engine:navigation:processDebugNavigationResources UP-TO-DATE
> Task :engine:navigation:parseDebugLocalResources UP-TO-DATE
> Task :engine:navigation:generateDebugRFile UP-TO-DATE
> Task :engine:navigation:checkKotlinGradlePluginConfigurationErrors SKIPPED
> Task :engine:navigation:javaPreCompileDebug UP-TO-DATE
> Task :engine:sdui:preBuild UP-TO-DATE
> Task :engine:sdui:preDebugBuild UP-TO-DATE
> Task :engine:sdui:generateDebugResValues UP-TO-DATE
> Task :engine:sdui:generateDebugResources UP-TO-DATE
> Task :engine:sdui:packageDebugResources UP-TO-DATE
> Task :engine:sdui:processDebugNavigationResources UP-TO-DATE
> Task :engine:sdui:parseDebugLocalResources UP-TO-DATE
> Task :engine:sdui:generateDebugRFile UP-TO-DATE
> Task :core:network:bundleLibRuntimeToJarDebug UP-TO-DATE
> Task :core:ui:bundleLibRuntimeToJarDebug UP-TO-DATE
> Task :engine:sdui:checkKotlinGradlePluginConfigurationErrors SKIPPED
> Task :engine:sdui:kspDebugKotlin UP-TO-DATE
> Task :engine:sdui:compileDebugKotlin UP-TO-DATE
> Task :engine:sdui:javaPreCompileDebug UP-TO-DATE
> Task :engine:navigation:kspDebugKotlin
> Task :engine:sdui:compileDebugJavaWithJavac
> Task :feature:dashboard:checkKotlinGradlePluginConfigurationErrors SKIPPED
> Task :feature:dashboard:preBuild UP-TO-DATE
> Task :feature:dashboard:preDebugBuild UP-TO-DATE
> Task :feature:dashboard:generateDebugResValues UP-TO-DATE
> Task :feature:dashboard:generateDebugResources UP-TO-DATE
> Task :feature:dashboard:packageDebugResources UP-TO-DATE
> Task :feature:dashboard:processDebugNavigationResources UP-TO-DATE
> Task :feature:dashboard:parseDebugLocalResources UP-TO-DATE
> Task :feature:dashboard:generateDebugRFile UP-TO-DATE
> Task :engine:sdui:transformDebugClassesWithAsm
> Task :engine:sdui:bundleLibCompileToJarDebug
> Task :engine:navigation:compileDebugKotlin
> Task :engine:navigation:compileDebugJavaWithJavac NO-SOURCE
> Task :engine:navigation:transformDebugClassesWithAsm UP-TO-DATE
> Task :engine:navigation:bundleLibCompileToJarDebug UP-TO-DATE
> Task :core:data:kspDebugKotlin
> Task :core:data:compileDebugKotlin
> Task :core:data:compileDebugJavaWithJavac
> Task :core:data:transformDebugClassesWithAsm UP-TO-DATE
> Task :core:data:bundleLibCompileToJarDebug UP-TO-DATE
> Task :feature:dashboard:kspDebugKotlin
> Task :feature:dashboard:compileDebugKotlin

BUILD SUCCESSFUL in 10s
80 actionable tasks: 10 executed, 70 up-to-date
