> Task :core:domain:preBuild UP-TO-DATE
> Task :core:domain:preDebugBuild UP-TO-DATE
> Task :core:domain:generateDebugResValues UP-TO-DATE
> Task :core:domain:generateDebugResources UP-TO-DATE
> Task :core:domain:packageDebugResources UP-TO-DATE
> Task :core:domain:processDebugNavigationResources UP-TO-DATE
> Task :core:domain:parseDebugLocalResources UP-TO-DATE
> Task :core:domain:generateDebugRFile UP-TO-DATE
> Task :core:domain:checkKotlinGradlePluginConfigurationErrors SKIPPED
> Task :core:domain:kspDebugKotlin UP-TO-DATE
> Task :core:domain:compileDebugKotlin UP-TO-DATE
> Task :core:domain:javaPreCompileDebug UP-TO-DATE
> Task :core:domain:compileDebugJavaWithJavac NO-SOURCE
> Task :core:domain:transformDebugClassesWithAsm UP-TO-DATE
> Task :core:domain:bundleLibCompileToJarDebug UP-TO-DATE
> Task :core:network:preBuild UP-TO-DATE
> Task :core:network:preDebugBuild UP-TO-DATE
> Task :core:network:generateDebugResValues UP-TO-DATE
> Task :core:network:generateDebugResources UP-TO-DATE
> Task :core:network:packageDebugResources UP-TO-DATE
> Task :core:network:processDebugNavigationResources UP-TO-DATE
> Task :core:network:parseDebugLocalResources UP-TO-DATE
> Task :core:network:generateDebugRFile UP-TO-DATE
> Task :core:domain:bundleLibRuntimeToJarDebug UP-TO-DATE
> Task :core:network:checkKotlinGradlePluginConfigurationErrors SKIPPED
> Task :core:network:javaPreCompileDebug UP-TO-DATE
> Task :core:ui:preBuild UP-TO-DATE
> Task :core:ui:preDebugBuild UP-TO-DATE
> Task :core:ui:generateDebugResValues UP-TO-DATE
> Task :core:ui:generateDebugResources UP-TO-DATE
> Task :core:ui:packageDebugResources UP-TO-DATE
> Task :core:ui:processDebugNavigationResources UP-TO-DATE
> Task :core:ui:parseDebugLocalResources UP-TO-DATE
> Task :core:ui:generateDebugRFile UP-TO-DATE
> Task :core:ui:checkKotlinGradlePluginConfigurationErrors SKIPPED
> Task :core:ui:kspDebugKotlin UP-TO-DATE
> Task :core:ui:compileDebugKotlin UP-TO-DATE
> Task :core:ui:javaPreCompileDebug UP-TO-DATE
> Task :core:ui:compileDebugJavaWithJavac NO-SOURCE
> Task :core:ui:transformDebugClassesWithAsm UP-TO-DATE
> Task :core:ui:bundleLibCompileToJarDebug UP-TO-DATE
> Task :engine:sdui:checkKotlinGradlePluginConfigurationErrors SKIPPED
> Task :engine:sdui:preBuild UP-TO-DATE
> Task :engine:sdui:preDebugBuild UP-TO-DATE
> Task :engine:sdui:generateDebugResValues UP-TO-DATE
> Task :engine:sdui:generateDebugResources UP-TO-DATE
> Task :engine:sdui:packageDebugResources UP-TO-DATE
> Task :engine:sdui:processDebugNavigationResources UP-TO-DATE
> Task :engine:sdui:parseDebugLocalResources UP-TO-DATE
> Task :engine:sdui:generateDebugRFile UP-TO-DATE
> Task :core:network:kspDebugKotlin
> Task :core:network:compileDebugKotlin
> Task :core:network:compileDebugJavaWithJavac
> Task :core:network:transformDebugClassesWithAsm UP-TO-DATE
> Task :core:network:bundleLibCompileToJarDebug UP-TO-DATE
> Task :engine:sdui:kspDebugKotlin

> Task :engine:sdui:compileDebugKotlin
w: file:///Users/gokulakrishnanmani/AndroidStudioProjects/SynchBank/engine/sdui/src/main/java/com/architect/banking/engine/sdui/components/ImageComponent.kt:30:9 Redundant creation of Json format. Creating instances for each usage can be slow.
w: file:///Users/gokulakrishnanmani/AndroidStudioProjects/SynchBank/engine/sdui/src/main/java/com/architect/banking/engine/sdui/components/LinkTextComponent.kt:72:5 'fun ClickableText(text: AnnotatedString, modifier: Modifier = ..., style: TextStyle = ..., softWrap: Boolean = ..., overflow: TextOverflow = ..., maxLines: Int = ..., onTextLayout: (TextLayoutResult) -> Unit = ..., onClick: (Int) -> Unit): Unit' is deprecated. Use Text or BasicText and pass an AnnotatedString that contains a LinkAnnotation.
w: file:///Users/gokulakrishnanmani/AndroidStudioProjects/SynchBank/engine/sdui/src/main/java/com/architect/banking/engine/sdui/components/RowComponent.kt:34:9 Redundant creation of Json format. Creating instances for each usage can be slow.

BUILD SUCCESSFUL in 12s
43 actionable tasks: 5 executed, 38 up-to-date
